[debug] [2024-11-20T16:08:33.007Z] ----------------------------------------------------------------------
[debug] [2024-11-20T16:08:33.009Z] Command:       /usr/local/bin/node /usr/local/bin/firebase init
[debug] [2024-11-20T16:08:33.009Z] CLI Version:   13.26.0
[debug] [2024-11-20T16:08:33.009Z] Platform:      darwin
[debug] [2024-11-20T16:08:33.009Z] Node Version:  v20.10.0
[debug] [2024-11-20T16:08:33.009Z] Time:          Wed Nov 20 2024 16:08:33 GMT+0000 (Greenwich Mean Time)
[debug] [2024-11-20T16:08:33.009Z] ----------------------------------------------------------------------
[debug] 
[debug] [2024-11-20T16:08:33.010Z] >>> [apiv2][query] GET https://firebase-public.firebaseio.com/cli.json [none]
[debug] [2024-11-20T16:08:33.033Z] > command requires scopes: ["email","openid","https://www.googleapis.com/auth/cloudplatformprojects.readonly","https://www.googleapis.com/auth/firebase","https://www.googleapis.com/auth/cloud-platform"]
[debug] [2024-11-20T16:08:33.033Z] > authorizing via signed-in user (eli.dalmada9@gmail.com)
[info] 
     ######## #### ########  ######## ########     ###     ######  ########
     ##        ##  ##     ## ##       ##     ##  ##   ##  ##       ##
     ######    ##  ########  ######   ########  #########  ######  ######
     ##        ##  ##    ##  ##       ##     ## ##     ##       ## ##
     ##       #### ##     ## ######## ########  ##     ##  ######  ########

You're about to initialize a Firebase project in this directory:

  /Users/Elisio/Downloads/React-Firebase-lesson-150/the-dojo

[debug] [2024-11-20T16:08:33.297Z] <<< [apiv2][status] GET https://firebase-public.firebaseio.com/cli.json 200
[debug] [2024-11-20T16:08:33.297Z] <<< [apiv2][body] GET https://firebase-public.firebaseio.com/cli.json {"cloudBuildErrorAfter":1594252800000,"cloudBuildWarnAfter":1590019200000,"defaultNode10After":1594252800000,"minVersion":"3.0.5","node8DeploysDisabledAfter":1613390400000,"node8RuntimeDisabledAfter":1615809600000,"node8WarnAfter":1600128000000}
[info] 
=== Project Setup
[info] 
[info] First, let's associate this project directory with a Firebase project.
[info] You can create multiple project aliases by running firebase use --add, 
[info] but for now we'll just set up a default project.
[info] 
[debug] [2024-11-20T16:09:44.133Z] Checked if tokens are valid: false, expires at: 1672955317561
[debug] [2024-11-20T16:09:44.133Z] Checked if tokens are valid: false, expires at: 1672955317561
[debug] [2024-11-20T16:09:44.134Z] > refreshing access token with scopes: []
[debug] [2024-11-20T16:09:44.135Z] >>> [apiv2][query] POST https://www.googleapis.com/oauth2/v3/token [none]
[debug] [2024-11-20T16:09:44.135Z] >>> [apiv2][body] POST https://www.googleapis.com/oauth2/v3/token [omitted]
[debug] [2024-11-20T16:09:44.245Z] <<< [apiv2][status] POST https://www.googleapis.com/oauth2/v3/token 400
[debug] [2024-11-20T16:09:44.246Z] <<< [apiv2][body] POST https://www.googleapis.com/oauth2/v3/token [omitted]
[debug] [2024-11-20T16:09:44.247Z] >>> [apiv2][query] GET https://firebase.googleapis.com/v1beta1/projects pageSize=100
[debug] [2024-11-20T16:09:44.424Z] <<< [apiv2][status] GET https://firebase.googleapis.com/v1beta1/projects 401
[debug] [2024-11-20T16:09:44.424Z] <<< [apiv2][body] GET https://firebase.googleapis.com/v1beta1/projects [omitted]
[debug] [2024-11-20T16:09:44.424Z] Got a 401 Unauthenticated error for a call that required authentication. Refreshing tokens.
[debug] [2024-11-20T16:09:44.424Z] Checked if tokens are valid: false, expires at: 1672955317561
[debug] [2024-11-20T16:09:44.424Z] Checked if tokens are valid: false, expires at: 1672955317561
[debug] [2024-11-20T16:09:44.424Z] > refreshing access token with scopes: []
[debug] [2024-11-20T16:09:44.425Z] >>> [apiv2][query] POST https://www.googleapis.com/oauth2/v3/token [none]
[debug] [2024-11-20T16:09:44.425Z] >>> [apiv2][body] POST https://www.googleapis.com/oauth2/v3/token [omitted]
[debug] [2024-11-20T16:09:44.467Z] <<< [apiv2][status] POST https://www.googleapis.com/oauth2/v3/token 400
[debug] [2024-11-20T16:09:44.467Z] <<< [apiv2][body] POST https://www.googleapis.com/oauth2/v3/token [omitted]
[debug] [2024-11-20T16:09:44.468Z] Request to https://firebase.googleapis.com/v1beta1/projects?pageSize=100 had HTTP Error: 401, Request had invalid authentication credentials. Expected OAuth 2 access token, login cookie or other valid authentication credential. See https://developers.google.com/identity/sign-in/web/devconsole-project.
[debug] [2024-11-20T16:09:44.613Z] FirebaseError: Request to https://firebase.googleapis.com/v1beta1/projects?pageSize=100 had HTTP Error: 401, Request had invalid authentication credentials. Expected OAuth 2 access token, login cookie or other valid authentication credential. See https://developers.google.com/identity/sign-in/web/devconsole-project.
    at responseToError (/usr/local/lib/node_modules/firebase-tools/lib/responseToError.js:52:12)
    at RetryOperation._fn (/usr/local/lib/node_modules/firebase-tools/lib/apiv2.js:312:77)
    at process.processTicksAndRejections (node:internal/process/task_queues:95:5)
[error] 
[error] Error: Failed to list Firebase projects. See firebase-debug.log for more info.
[debug] [2024-11-20T16:09:53.335Z] ----------------------------------------------------------------------
[debug] [2024-11-20T16:09:53.337Z] Command:       /usr/local/bin/node /usr/local/bin/firebase init
[debug] [2024-11-20T16:09:53.337Z] CLI Version:   13.26.0
[debug] [2024-11-20T16:09:53.337Z] Platform:      darwin
[debug] [2024-11-20T16:09:53.337Z] Node Version:  v20.10.0
[debug] [2024-11-20T16:09:53.337Z] Time:          Wed Nov 20 2024 16:09:53 GMT+0000 (Greenwich Mean Time)
[debug] [2024-11-20T16:09:53.337Z] ----------------------------------------------------------------------
[debug] 
[debug] [2024-11-20T16:09:53.340Z] > command requires scopes: ["email","openid","https://www.googleapis.com/auth/cloudplatformprojects.readonly","https://www.googleapis.com/auth/firebase","https://www.googleapis.com/auth/cloud-platform"]
[debug] [2024-11-20T16:09:53.340Z] > authorizing via signed-in user (eli.dalmada9@gmail.com)
[info] 
     ######## #### ########  ######## ########     ###     ######  ########
     ##        ##  ##     ## ##       ##     ##  ##   ##  ##       ##
     ######    ##  ########  ######   ########  #########  ######  ######
     ##        ##  ##    ##  ##       ##     ## ##     ##       ## ##
     ##       #### ##     ## ######## ########  ##     ##  ######  ########

You're about to initialize a Firebase project in this directory:

  /Users/Elisio/Downloads/React-Firebase-lesson-150/the-dojo

[info] 
=== Project Setup
[info] 
[info] First, let's associate this project directory with a Firebase project.
[info] You can create multiple project aliases by running firebase use --add, 
[info] but for now we'll just set up a default project.
[info] 
[debug] [2024-11-20T16:10:34.465Z] Checked if tokens are valid: false, expires at: 1672955317561
[debug] [2024-11-20T16:10:34.466Z] Checked if tokens are valid: false, expires at: 1672955317561
[debug] [2024-11-20T16:10:34.466Z] > refreshing access token with scopes: []
[debug] [2024-11-20T16:10:34.468Z] >>> [apiv2][query] POST https://www.googleapis.com/oauth2/v3/token [none]
[debug] [2024-11-20T16:10:34.468Z] >>> [apiv2][body] POST https://www.googleapis.com/oauth2/v3/token [omitted]
[debug] [2024-11-20T16:10:34.592Z] <<< [apiv2][status] POST https://www.googleapis.com/oauth2/v3/token 400
[debug] [2024-11-20T16:10:34.592Z] <<< [apiv2][body] POST https://www.googleapis.com/oauth2/v3/token [omitted]
[debug] [2024-11-20T16:10:34.592Z] >>> [apiv2][query] GET https://firebase.googleapis.com/v1beta1/projects pageSize=100
[debug] [2024-11-20T16:10:34.660Z] <<< [apiv2][status] GET https://firebase.googleapis.com/v1beta1/projects 401
[debug] [2024-11-20T16:10:34.660Z] <<< [apiv2][body] GET https://firebase.googleapis.com/v1beta1/projects [omitted]
[debug] [2024-11-20T16:10:34.660Z] Got a 401 Unauthenticated error for a call that required authentication. Refreshing tokens.
[debug] [2024-11-20T16:10:34.660Z] Checked if tokens are valid: false, expires at: 1672955317561
[debug] [2024-11-20T16:10:34.660Z] Checked if tokens are valid: false, expires at: 1672955317561
[debug] [2024-11-20T16:10:34.661Z] > refreshing access token with scopes: []
[debug] [2024-11-20T16:10:34.661Z] >>> [apiv2][query] POST https://www.googleapis.com/oauth2/v3/token [none]
[debug] [2024-11-20T16:10:34.661Z] >>> [apiv2][body] POST https://www.googleapis.com/oauth2/v3/token [omitted]
[debug] [2024-11-20T16:10:34.702Z] <<< [apiv2][status] POST https://www.googleapis.com/oauth2/v3/token 400
[debug] [2024-11-20T16:10:34.702Z] <<< [apiv2][body] POST https://www.googleapis.com/oauth2/v3/token [omitted]
[debug] [2024-11-20T16:10:34.703Z] Request to https://firebase.googleapis.com/v1beta1/projects?pageSize=100 had HTTP Error: 401, Request had invalid authentication credentials. Expected OAuth 2 access token, login cookie or other valid authentication credential. See https://developers.google.com/identity/sign-in/web/devconsole-project.
[debug] [2024-11-20T16:10:34.774Z] FirebaseError: Request to https://firebase.googleapis.com/v1beta1/projects?pageSize=100 had HTTP Error: 401, Request had invalid authentication credentials. Expected OAuth 2 access token, login cookie or other valid authentication credential. See https://developers.google.com/identity/sign-in/web/devconsole-project.
    at responseToError (/usr/local/lib/node_modules/firebase-tools/lib/responseToError.js:52:12)
    at RetryOperation._fn (/usr/local/lib/node_modules/firebase-tools/lib/apiv2.js:312:77)
    at process.processTicksAndRejections (node:internal/process/task_queues:95:5)
[error] 
[error] Error: Failed to list Firebase projects. See firebase-debug.log for more info.
